<?xml version="1.0" encoding="UTF-8" ?>
<testsuites disabled="0" errors="0" failures="0" tests="17" time="44">
 <testsuite name="Config builder" timestamp="2018-02-09T11:11:30" hostname="localhost" time="0.035" errors="0" tests="10" skipped="0" disabled="0" failures="0">
  <testcase classname="Config builder" name="throws exception when base JSON file does not exist" time="0.015" />
  <testcase classname="Config builder" name="throws exception when env JSON file does not exist" time="0.001" />
  <testcase classname="Config builder" name="throws exception when single environment variable is invalid JSON" time="0.002" />
  <testcase classname="Config builder" name="throws exception when command line override is invalid JSON" time="0" />
  <testcase classname="Config builder" name="merges JSON as expected when base and env files exist" time="0.002" />
  <testcase classname="Config builder" name="applies environment variables as expected" time="0.001" />
  <testcase classname="Config builder" name="applies single JSON environment variable as expected" time="0.001" />
  <testcase classname="Config builder" name="applies command line override as expected" time="0" />
  <testcase classname="Config builder" name="merges JSON as expected when env file is not specified" time="0.001" />
  <testcase classname="Config builder" name="merges JSON as expected when the base file extension is customised" time="0.002" />
 </testsuite>
 <testsuite name="Config builder.when merging arrays" timestamp="2018-02-09T11:11:30" hostname="localhost" time="0.009" errors="0" tests="7" skipped="0" disabled="0" failures="0">
  <testcase classname="Config builder.when merging arrays" name="concatenates env JSON file arrays onto base arrays" time="0.001" />
  <testcase classname="Config builder.when merging arrays" name="concatenates environment variable arrays onto arrays when using [] pattern" time="0.001" />
  <testcase classname="Config builder.when merging arrays" name="replaces array elements with those defined in environment variables when using [n] pattern" time="0.001" />
  <testcase classname="Config builder.when merging arrays" name="merges array elements as expected with environment variables when using mixed patterns" time="0.001" />
  <testcase classname="Config builder.when merging arrays" name="concatenates override variable arrays onto arrays when using [] pattern" time="0.001" />
  <testcase classname="Config builder.when merging arrays" name="replaces array elements with those defined in command line override properties when using [n] pattern" time="0.001" />
  <testcase classname="Config builder.when merging arrays" name="merges arrays from four sources as expected" time="0.002" />
 </testsuite>
</testsuites>